app/build/outputs/logs/manifest-merger-debug-report.txt
-- Merging decision tree log ---
manifest
ADDED from src\main\AndroidManifest.xml:2:1-196:12
	xmlns:android
		ADDED from src\main\AndroidManifest.xml:2:11-69
	package
		ADDED from src\main\AndroidManifest.xml:3:5-33
		INJECTED from src\main\AndroidManifest.xml
		INJECTED from src\main\AndroidManifest.xml
	android:versionName
		ADDED from src\main\AndroidManifest.xml:5:5-31
	android:versionCode
		ADDED from src\main\AndroidManifest.xml:4:5-29
		INJECTED from src\main\AndroidManifest.xml
		INJECTED from src\main\AndroidManifest.xml
uses-sdk
ADDED from src\main\AndroidManifest.xml:7:5-9:41
	android:targetSdkVersion
		ADDED from src\main\AndroidManifest.xml:9:9-38
		INJECTED from src\main\AndroidManifest.xml
		INJECTED from src\main\AndroidManifest.xml
	android:minSdkVersion
		ADDED from src\main\AndroidManifest.xml:8:9-35
		INJECTED from src\main\AndroidManifest.xml
		INJECTED from src\main\AndroidManifest.xml
uses-permission#android.permission.INTERNET
ADDED from src\main\AndroidManifest.xml:11:5-67
	android:name
		ADDED from src\main\AndroidManifest.xml:11:22-64
uses-permission#android.permission.WRITE_EXTERNAL_STORAGE
ADDED from src\main\AndroidManifest.xml:12:5-81
	android:name
		ADDED from src\main\AndroidManifest.xml:12:22-78
uses-permission#android.permission.READ_EXTERNAL_STORAGE
ADDED from src\main\AndroidManifest.xml:13:5-80
	android:name
		ADDED from src\main\AndroidManifest.xml:13:22-77
uses-permission#android.permission.RECORD_AUDIO
ADDED from src\main\AndroidManifest.xml:14:5-71
	android:name
		ADDED from src\main\AndroidManifest.xml:14:22-68
uses-permission#android.permission.VIBRATE
ADDED from src\main\AndroidManifest.xml:15:5-66
	android:name
		ADDED from src\main\AndroidManifest.xml:15:22-63
application
ADDED from src\main\AndroidManifest.xml:17:5-194:19
	android:label
		ADDED from src\main\AndroidManifest.xml:20:9-41
	android:allowBackup
		ADDED from src\main\AndroidManifest.xml:18:9-35
	android:icon
		ADDED from src\main\AndroidManifest.xml:19:9-45
	android:theme
		ADDED from src\main\AndroidManifest.xml:22:9-44
	android:largeHeap
		ADDED from src\main\AndroidManifest.xml:21:9-33
activity#com.ueas.kpallv1g6.LoginActivity
ADDED from src\main\AndroidManifest.xml:23:9-32:20
	android:screenOrientation
		ADDED from src\main\AndroidManifest.xml:26:13-49
	android:label
		ADDED from src\main\AndroidManifest.xml:25:13-45
	android:name
		ADDED from src\main\AndroidManifest.xml:24:13-60
intent-filter#android.intent.action.MAIN+android.intent.category.LAUNCHER
ADDED from src\main\AndroidManifest.xml:27:13-31:29
action#android.intent.action.MAIN
ADDED from src\main\AndroidManifest.xml:28:17-69
	android:name
		ADDED from src\main\AndroidManifest.xml:28:25-66
category#android.intent.category.LAUNCHER
ADDED from src\main\AndroidManifest.xml:30:17-77
	android:name
		ADDED from src\main\AndroidManifest.xml:30:27-74
activity#com.ueas.kpallv1g6.WelcomePageActivity
ADDED from src\main\AndroidManifest.xml:33:9-47:20
	android:windowSoftInputMode
		ADDED from src\main\AndroidManifest.xml:38:13-54
	android:screenOrientation
		ADDED from src\main\AndroidManifest.xml:37:13-49
	android:noHistory
		ADDED from src\main\AndroidManifest.xml:36:13-38
	android:label
		ADDED from src\main\AndroidManifest.xml:35:13-45
	android:name
		ADDED from src\main\AndroidManifest.xml:34:13-66
intent-filter#android.intent.action.MAIN+android.intent.category.DEFAULT
ADDED from src\main\AndroidManifest.xml:39:13-46:27
category#android.intent.category.DEFAULT
ADDED from src\main\AndroidManifest.xml:42:17-76
	android:name
		ADDED from src\main\AndroidManifest.xml:42:27-73
activity#com.ueas.kpallv1g6.ListViewForSuiteActivity
ADDED from src\main\AndroidManifest.xml:48:9-57:20
	android:screenOrientation
		ADDED from src\main\AndroidManifest.xml:51:13-49
	android:label
		ADDED from src\main\AndroidManifest.xml:50:13-45
	android:name
		ADDED from src\main\AndroidManifest.xml:49:13-71
activity#com.ueas.kpallv1g6.ListViewForDocumentActivity
ADDED from src\main\AndroidManifest.xml:58:9-67:20
	android:screenOrientation
		ADDED from src\main\AndroidManifest.xml:61:13-49
	android:label
		ADDED from src\main\AndroidManifest.xml:60:13-45
	android:name
		ADDED from src\main\AndroidManifest.xml:59:13-74
activity#com.ueas.kpallv1g6.BookCoverActivity
ADDED from src\main\AndroidManifest.xml:68:9-77:20
	android:screenOrientation
		ADDED from src\main\AndroidManifest.xml:71:13-49
	android:label
		ADDED from src\main\AndroidManifest.xml:70:13-45
	android:name
		ADDED from src\main\AndroidManifest.xml:69:13-64
activity#com.ueas.kpallv1g6.TableOfContentsActivity
ADDED from src\main\AndroidManifest.xml:78:9-87:20
	android:screenOrientation
		ADDED from src\main\AndroidManifest.xml:81:13-49
	android:label
		ADDED from src\main\AndroidManifest.xml:80:13-45
	android:name
		ADDED from src\main\AndroidManifest.xml:79:13-70
activity#com.ueas.kpallv1g6.ChapterActivity
ADDED from src\main\AndroidManifest.xml:88:9-98:20
	android:windowSoftInputMode
		ADDED from src\main\AndroidManifest.xml:92:13-52
	android:screenOrientation
		ADDED from src\main\AndroidManifest.xml:91:13-49
	android:label
		ADDED from src\main\AndroidManifest.xml:90:13-45
	android:name
		ADDED from src\main\AndroidManifest.xml:89:13-62
activity#com.ueas.kpallv1g6.ListViewForPlayerActivity
ADDED from src\main\AndroidManifest.xml:99:9-105:20
	android:label
		ADDED from src\main\AndroidManifest.xml:101:13-48
	android:name
		ADDED from src\main\AndroidManifest.xml:100:13-72
intent-filter#android.intent.action.MAIN
ADDED from src\main\AndroidManifest.xml:102:13-104:29
activity#com.ueas.kpallv1g6.PlayerActivity
ADDED from src\main\AndroidManifest.xml:106:9-112:20
	android:label
		ADDED from src\main\AndroidManifest.xml:108:13-48
	android:name
		ADDED from src\main\AndroidManifest.xml:107:13-61
activity#com.ueas.kpallv1g6.PreparePlayerData
ADDED from src\main\AndroidManifest.xml:113:9-118:20
	android:name
		ADDED from src\main\AndroidManifest.xml:113:19-70
intent-filter#android.intent.action.DEFAULT+android.intent.action.MAIN
ADDED from src\main\AndroidManifest.xml:114:13-117:29
action#android.intent.action.DEFAULT
ADDED from src\main\AndroidManifest.xml:116:17-72
	android:name
		ADDED from src\main\AndroidManifest.xml:116:25-69
activity#com.ueas.kpallv1g6.SplashScreen
ADDED from src\main\AndroidManifest.xml:119:9-127:20
	android:label
		ADDED from src\main\AndroidManifest.xml:121:13-48
	android:name
		ADDED from src\main\AndroidManifest.xml:120:13-59
activity#com.ueas.kpallv1g6.VoiceActivity
ADDED from src\main\AndroidManifest.xml:128:9-137:20
	android:screenOrientation
		ADDED from src\main\AndroidManifest.xml:131:13-49
	android:label
		ADDED from src\main\AndroidManifest.xml:130:13-57
	android:name
		ADDED from src\main\AndroidManifest.xml:129:13-60
activity#com.ueas.kpallv1g6.DataInitializationActivity
ADDED from src\main\AndroidManifest.xml:138:9-146:20
	android:label
		ADDED from src\main\AndroidManifest.xml:140:13-71
	android:name
		ADDED from src\main\AndroidManifest.xml:139:13-73
activity#com.ueas.kpallv1g6.DataNotFoundActivity
ADDED from src\main\AndroidManifest.xml:147:9-155:20
	android:label
		ADDED from src\main\AndroidManifest.xml:149:13-66
	android:name
		ADDED from src\main\AndroidManifest.xml:148:13-67
activity#com.ueas.kpallv1g6.VideoActivity
ADDED from src\main\AndroidManifest.xml:156:9-159:20
	android:screenOrientation
		ADDED from src\main\AndroidManifest.xml:158:13-50
	android:name
		ADDED from src\main\AndroidManifest.xml:157:13-60
activity#com.ueas.kpallv1g6.ListViewForVideoActivity
ADDED from src\main\AndroidManifest.xml:160:9-166:20
	android:label
		ADDED from src\main\AndroidManifest.xml:162:13-48
	android:name
		ADDED from src\main\AndroidManifest.xml:161:13-71
activity#com.ueas.kpallv1g6.GoLandscapeActivity
ADDED from src\main\AndroidManifest.xml:167:9-178:20
	android:screenOrientation
		ADDED from src\main\AndroidManifest.xml:172:13-49
	android:label
		ADDED from src\main\AndroidManifest.xml:171:13-29
	android:icon
		ADDED from src\main\AndroidManifest.xml:170:13-49
	android:configChanges
		ADDED from src\main\AndroidManifest.xml:169:13-74
	android:name
		ADDED from src\main\AndroidManifest.xml:168:13-66
activity#com.ueas.kpallv1g6.GridViewForVideoActivity
ADDED from src\main\AndroidManifest.xml:179:9-188:20
	android:screenOrientation
		ADDED from src\main\AndroidManifest.xml:182:13-50
	android:label
		ADDED from src\main\AndroidManifest.xml:181:13-45
	android:name
		ADDED from src\main\AndroidManifest.xml:180:13-71
activity#com.ueas.kpallv1g6.GoPortraitActivity
ADDED from src\main\AndroidManifest.xml:189:9-193:20
	android:screenOrientation
		ADDED from src\main\AndroidManifest.xml:192:13-50
	android:label
		ADDED from src\main\AndroidManifest.xml:191:13-63
	android:name
		ADDED from src\main\AndroidManifest.xml:190:13-65